<?xml version="1.0" encoding="UTF-8"?>
<!-- Generated by org.testng.reporters.JUnitReportReporter -->
<testsuite skipped="0" hostname="BSl-BNG-L232" name="TestCases.Sanity" tests="2" failures="0" timestamp="2020-05-01T15:20:24 IST" time="39.345" errors="0">
  <testcase name="validateAmazonLoginPage" time="16.917" classname="TestCases.Sanity"/>
  <testcase name="validateSearchResutInAmazonSearchPage" time="22.428" classname="TestCases.Sanity"/>
</testsuite> <!-- TestCases.Sanity -->
